=== WP-MESH-6 — Cylinder cross-flow Re=100 (CUDA H100, FP64) ===
Reference (Williamson 1996, Park 1998): Cd≈1.4  Cl_RMS≈0.33  St≈0.165
Domain 1.0 × 0.5  cylinder (0.5, 0.245) R=0.025  blockage = 10.0%
Bump coefs = (0.1, 0.5)

--- D_lu=20  steps=80000  sample_every=10  window=40000 ---
[A D=20 cells=80601] Cd=1.672 (err 19.46%)  Cl_RMS=0.271 (err 18.0%)  St=0.2 (err 21.21%)  | 588.0 MLUPS  11.0s
[B D=20 cells=80601] Cd=1.643 (err 17.39%)  Cl_RMS=0.256 (err 22.35%)  St=0.2 (err 21.21%)  | 1073.0 MLUPS  6.0s
[C[b=0.1] D=20 cells=80601] Cd=NaN (err NaN%)  Cl_RMS=NaN (err NaN%)  St=0.012 (err 92.42%)  | 997.0 MLUPS  6.5s
[C[b=0.5] D=20 cells=80601] Cd=NaN (err NaN%)  Cl_RMS=NaN (err NaN%)  St=0.012 (err 92.42%)  | 1439.0 MLUPS  4.5s
--- D_lu=40  steps=160000  sample_every=10  window=80000 ---
[A D=40 cells=321201] Cd=1.652 (err 18.03%)  Cl_RMS=0.282 (err 14.64%)  St=0.2 (err 21.21%)  | 4239.0 MLUPS  12.1s
[B D=40 cells=321201] Cd=1.649 (err 17.79%)  Cl_RMS=0.283 (err 14.31%)  St=0.2 (err 21.21%)  | 4242.0 MLUPS  12.1s
[C[b=0.1] D=40 cells=321201] Cd=1.63 (err 16.41%)  Cl_RMS=0.003 (err 99.06%)  St=0.175 (err 6.06%)  | 1740.0 MLUPS  29.5s
  C[b=0.5] FAILED: CurvilinearMesh: degenerate Jacobian (sign change or zero) at (i=801, j=1): min|J|=84.8720104775837, Jmin=-314.910193652894, Jmax=84.8720104775837. Mesh has a fold or degenerate cell.
--- D_lu=80  steps=320000  sample_every=20  window=160000 ---
[A D=80 cells=1282401] Cd=1.648 (err 17.71%)  Cl_RMS=0.283 (err 14.38%)  St=0.2 (err 21.21%)  | 6996.0 MLUPS  58.7s
[B D=80 cells=1282401] Cd=1.65 (err 17.88%)  Cl_RMS=0.286 (err 13.43%)  St=0.2 (err 21.21%)  | 6981.0 MLUPS  58.8s
[C[b=0.1] D=80 cells=1282401] Cd=NaN (err NaN%)  Cl_RMS=NaN (err NaN%)  St=0.012 (err 92.42%)  | 2249.0 MLUPS  182.4s
[C[b=0.5] D=80 cells=1282401] Cd=NaN (err NaN%)  Cl_RMS=NaN (err NaN%)  St=0.012 (err 92.42%)  | 2245.0 MLUPS  182.8s

=== Done ===
